Unity Editor version:    2020.3.37f1 (8c66806a0c04)
Branch:                  2020.3/staging
Build type:              Release
Batch mode:              YES
macOS version:           Version 11.6.1 (Build 20G224)
Darwin version:          20.6.0
Architecture:            x86_64
Running under Rosetta:   NO
Available memory:        8192 MB
Using pre-set license
Pro License: NO

COMMAND LINE ARGUMENTS:
/Volumes/TOSHIBA EXT/2020.3.37f1/Unity.app/Contents/MacOS/Unity
-adb2
-batchMode
-noUpm
-name
AssetImportWorker0
-projectPath
/Users/javierhernandez/Downloads/Actividad_M3.2/Actividad_Paquetes
-logFile
Logs/AssetImportWorker0.log
-srvPort
50112
Successfully changed project path to: /Users/javierhernandez/Downloads/Actividad_M3.2/Actividad_Paquetes
/Users/javierhernandez/Downloads/Actividad_M3.2/Actividad_Paquetes
Using Asset Import Pipeline V2.
Refreshing native plugins compatible for Editor in 46.93 ms, found 2 plugins.
Preloading 0 native plugins for Editor in 0.00 ms.
Initialize engine version: 2020.3.37f1 (8c66806a0c04)
[Subsystems] Discovering subsystems at path /Volumes/TOSHIBA EXT/2020.3.37f1/Unity.app/Contents/Resources/UnitySubsystems
[Subsystems] Discovering subsystems at path /Users/javierhernandez/Downloads/Actividad_M3.2/Actividad_Paquetes/Assets
GfxDevice: creating device client; threaded=0
2022-10-18 12:02:30.388 Unity[2309:31956] Color LCD preferred device: Intel(R) Iris(TM) Graphics 6000 (low power)
2022-10-18 12:02:30.388 Unity[2309:31956] Metal devices available: 1
2022-10-18 12:02:30.388 Unity[2309:31956] 0: Intel(R) Iris(TM) Graphics 6000 (low power)
2022-10-18 12:02:30.388 Unity[2309:31956] Using device Intel(R) Iris(TM) Graphics 6000 (low power)
Initializing Metal device caps: Intel(R) Iris(TM) Graphics 6000
Initialize mono
Mono path[0] = '/Volumes/TOSHIBA EXT/2020.3.37f1/Unity.app/Contents/Managed'
Mono path[1] = '/Volumes/TOSHIBA EXT/2020.3.37f1/Unity.app/Contents/MonoBleedingEdge/lib/mono/unityjit'
Mono config path = '/Volumes/TOSHIBA EXT/2020.3.37f1/Unity.app/Contents/MonoBleedingEdge/etc'
Using monoOptions --debugger-agent=transport=dt_socket,embedding=1,server=y,suspend=n,address=127.0.0.1:56309
Begin MonoManager ReloadAssembly
Registering precompiled unity dll's ...
Register platform support module: /Volumes/TOSHIBA EXT/2020.3.37f1/Unity.app/Contents/PlaybackEngines/MacStandaloneSupport/UnityEditor.OSXStandalone.Extensions.dll
Registered in 0.000670 seconds.
Native extension for OSXStandalone target not found
Refreshing native plugins compatible for Editor in 42.04 ms, found 2 plugins.
Preloading 0 native plugins for Editor in 0.00 ms.
Mono: successfully reloaded assembly
- Completed reload, in  0.896 seconds
Domain Reload Profiling:
	ReloadAssembly (896ms)
		BeginReloadAssembly (77ms)
			ExecutionOrderSort (0ms)
			DisableScriptedObjects (0ms)
			BackupInstance (0ms)
			ReleaseScriptingObjects (0ms)
			CreateAndSetChildDomain (1ms)
		EndReloadAssembly (704ms)
			LoadAssemblies (75ms)
			RebuildTransferFunctionScriptingTraits (0ms)
			SetupTypeCache (269ms)
			ReleaseScriptCaches (0ms)
			RebuildScriptCaches (55ms)
			SetupLoadedEditorAssemblies (256ms)
				LogAssemblyErrors (0ms)
				InitializePlatformSupportModulesInManaged (6ms)
				SetLoadedEditorAssemblies (1ms)
				RefreshPlugins (42ms)
				BeforeProcessingInitializeOnLoad (11ms)
				ProcessInitializeOnLoadAttributes (151ms)
				ProcessInitializeOnLoadMethodAttributes (45ms)
				AfterProcessingInitializeOnLoad (0ms)
				EditorAssembliesLoaded (0ms)
			ExecutionOrderSort2 (0ms)
			AwakeInstancesAfterBackupRestoration (0ms)
Platform modules already initialized, skipping
Registering precompiled user dll's ...
Registered in 0.001621 seconds.
Begin MonoManager ReloadAssembly
Native extension for OSXStandalone target not found
Refreshing native plugins compatible for Editor in 0.38 ms, found 2 plugins.
Preloading 0 native plugins for Editor in 0.00 ms.
Mono: successfully reloaded assembly
- Completed reload, in  1.779 seconds
Domain Reload Profiling:
	ReloadAssembly (1781ms)
		BeginReloadAssembly (260ms)
			ExecutionOrderSort (0ms)
			DisableScriptedObjects (8ms)
			BackupInstance (0ms)
			ReleaseScriptingObjects (0ms)
			CreateAndSetChildDomain (54ms)
		EndReloadAssembly (1420ms)
			LoadAssemblies (120ms)
			RebuildTransferFunctionScriptingTraits (0ms)
			SetupTypeCache (617ms)
			ReleaseScriptCaches (0ms)
			RebuildScriptCaches (86ms)
			SetupLoadedEditorAssemblies (447ms)
				LogAssemblyErrors (0ms)
				InitializePlatformSupportModulesInManaged (6ms)
				SetLoadedEditorAssemblies (1ms)
				RefreshPlugins (0ms)
				BeforeProcessingInitializeOnLoad (71ms)
				ProcessInitializeOnLoadAttributes (343ms)
				ProcessInitializeOnLoadMethodAttributes (23ms)
				AfterProcessingInitializeOnLoad (2ms)
				EditorAssembliesLoaded (0ms)
			ExecutionOrderSort2 (0ms)
			AwakeInstancesAfterBackupRestoration (3ms)
Platform modules already initialized, skipping
Validating Project structure ... 0.001386 seconds.
Shader import version has changed; will reimport all shaders...
Upgrading shader files ...0.002480 seconds.
Application.AssetDatabase Initial Script Refresh Start
RefreshInfo: InitialScriptRefreshV2(NoUpdateAssetOptions) scanfilter:  ... 1 filters
RefreshProfiler: Total: 0.000ms
Application.AssetDatabase Initial Script Refresh End
Application.AssetDatabase.Refresh Start
Application.AssetDatabase.Refresh End
RefreshInfo: StopAssetImportingV2(ForceSynchronousImport) scanfilter: 
RefreshProfiler: Total: 0.000ms
Launching external process: /Volumes/TOSHIBA EXT/2020.3.37f1/Unity.app/Contents/Tools/UnityShaderCompiler
Launched and connected shader compiler UnityShaderCompiler after 0.04 seconds
Initializing Unity extensions:
========================================================================
Worker process is ready to serve import requests
Refreshing native plugins compatible for Editor in 0.47 ms, found 2 plugins.
Preloading 0 native plugins for Editor in 0.00 ms.
Unloading 1523 Unused Serialized files (Serialized files now loaded: 0)
System memory in use before: 178.3 MB.
System memory in use after: 177.5 MB.

Unloading 83 unused Assets to reduce memory usage. Loaded Objects now: 1998.
Total: 4.473352 ms (FindLiveObjects: 0.176319 ms CreateObjectMapping: 0.056534 ms MarkObjects: 3.304048 ms  DeleteObjects: 0.935303 ms)

AssetImportParameters requested are different than current active one (requested -> active):
  custom:video-decoder-ogg-theora: a1e56fd34408186e4bbccfd4996cb3dc -> 
  custom:container-muxer-webm: aa71ff27fc2769a1b78a27578f13a17b -> 
  custom:container-demuxer-webm: 4f35f7cbe854078d1ac9338744f61a02 -> 
  custom:container-demuxer-ogg: 62fdf1f143b41e24485cea50d1cbac27 -> 
  custom:video-encoder-webm-vp8: eb34c28f22e8b96e1ab97ce403110664 -> 
  custom:framework-osx-AVFoundation: e770b220cccbd017edd2c1fefb359320 -> 
  custom:video-decoder-webm-vp8: 9c59270c3fd7afecdb556c50c9e8de78 -> 
  custom:audio-decoder-ogg-vorbis: bf7c407c2cedff20999df2af8eb42d56 -> 
  custom:audio-encoder-webm-vorbis: bf7c407c2cedff20999df2af8eb42d56 -> 
========================================================================
Received Import Request.
  path: Assets/Images/fondo sistema solar.jpg
  artifactKey: Guid(74e2225bfd01b4adb8c0014d6a52b35c) Importer(815301076,1909f56bfc062723c751e8b465ee728b)
Start importing Assets/Images/fondo sistema solar.jpg using Guid(74e2225bfd01b4adb8c0014d6a52b35c) Importer(815301076,1909f56bfc062723c751e8b465ee728b)  -> (artifact id: '09200b993318233bc632710590353a09') in 1.614367 seconds 
========================================================================
Received Import Request.
  Time since last request: 0.000469 seconds.
  path: Assets/Images
  artifactKey: Guid(ffcedb9ea1e1149b6b81a07d6c2c970d) Importer(815301076,1909f56bfc062723c751e8b465ee728b)
Start importing Assets/Images using Guid(ffcedb9ea1e1149b6b81a07d6c2c970d) Importer(815301076,1909f56bfc062723c751e8b465ee728b)  -> (artifact id: 'a2a7aff6083257b522f5b5b89674c25b') in 0.002764 seconds 
========================================================================
Received Import Request.
  Time since last request: 0.001034 seconds.
  path: Assets/Images/sistema solar.jpg
  artifactKey: Guid(a1548a9e6e1184e38bc35fe293186df6) Importer(815301076,1909f56bfc062723c751e8b465ee728b)
Start importing Assets/Images/sistema solar.jpg using Guid(a1548a9e6e1184e38bc35fe293186df6) Importer(815301076,1909f56bfc062723c751e8b465ee728b)  -> (artifact id: 'a3648662533a384159a104881c906a6e') in 0.050309 seconds 
========================================================================
Received Import Request.
  Time since last request: 0.000310 seconds.
  path: Assets/Images/logo sistema solar.jpg
  artifactKey: Guid(62654af80d5294878b09ec50a5fe6e31) Importer(815301076,1909f56bfc062723c751e8b465ee728b)
Start importing Assets/Images/logo sistema solar.jpg using Guid(62654af80d5294878b09ec50a5fe6e31) Importer(815301076,1909f56bfc062723c751e8b465ee728b)  -> (artifact id: '037af5f539a868a38cf6d00990e39b92') in 0.041973 seconds 
========================================================================
Received Import Request.
  Time since last request: 0.000395 seconds.
  path: Assets/Planets of the Solar System 3D
  artifactKey: Guid(ede234defd3da44e99126f35da6346d8) Importer(815301076,1909f56bfc062723c751e8b465ee728b)
Start importing Assets/Planets of the Solar System 3D using Guid(ede234defd3da44e99126f35da6346d8) Importer(815301076,1909f56bfc062723c751e8b465ee728b)  -> (artifact id: '70302725e6d925d0a0f3fa01a8ae6bf2') in 0.002429 seconds 
========================================================================
Received Import Request.
  Time since last request: 1.832311 seconds.
  path: Assets/Scenes
  artifactKey: Guid(6ea315d0fd7389c41b19996891e99ae3) Importer(815301076,1909f56bfc062723c751e8b465ee728b)
Start importing Assets/Scenes using Guid(6ea315d0fd7389c41b19996891e99ae3) Importer(815301076,1909f56bfc062723c751e8b465ee728b)  -> (artifact id: '9168112a17b07f3ee034ca0d2dc1544d') in 0.002574 seconds 
========================================================================
Received Import Request.
  Time since last request: 4.437734 seconds.
  path: Assets/Scenes/SampleScene.unity
  artifactKey: Guid(9fc0d4010bbf28b4594072e72b8655ab) Importer(815301076,1909f56bfc062723c751e8b465ee728b)
Start importing Assets/Scenes/SampleScene.unity using Guid(9fc0d4010bbf28b4594072e72b8655ab) Importer(815301076,1909f56bfc062723c751e8b465ee728b)  -> (artifact id: '94c55409359c0051422e58de30b0573d') in 0.003217 seconds 
========================================================================
Received Import Request.
  Time since last request: 2.604716 seconds.
  path: Assets/Scenes/Rotacion cubo.unity
  artifactKey: Guid(db840eea237dc4a4d952a13eb5573073) Importer(815301076,1909f56bfc062723c751e8b465ee728b)
Start importing Assets/Scenes/Rotacion cubo.unity using Guid(db840eea237dc4a4d952a13eb5573073) Importer(815301076,1909f56bfc062723c751e8b465ee728b)  -> (artifact id: '3821cdec8fdb6fdcf30a1a2a3c705d85') in 0.003842 seconds 
========================================================================
Received Import Request.
  Time since last request: 1.953106 seconds.
  path: Assets/Scenes/Movimiento.unity
  artifactKey: Guid(ed2875fa037b9493495f64ad98e9bd63) Importer(815301076,1909f56bfc062723c751e8b465ee728b)
Start importing Assets/Scenes/Movimiento.unity using Guid(ed2875fa037b9493495f64ad98e9bd63) Importer(815301076,1909f56bfc062723c751e8b465ee728b)  -> (artifact id: '4b48a69d33a4d0535027cd97b9f8b1a9') in 0.002681 seconds 
========================================================================
Received Import Request.
  Time since last request: 18.747239 seconds.
  path: Assets/Scenes/Escalado esfera.unity
  artifactKey: Guid(76afe4fec7d14425aa65d68e12487f69) Importer(815301076,1909f56bfc062723c751e8b465ee728b)
Start importing Assets/Scenes/Escalado esfera.unity using Guid(76afe4fec7d14425aa65d68e12487f69) Importer(815301076,1909f56bfc062723c751e8b465ee728b)  -> (artifact id: '4837bd03f55ef22c923ed36be395501f') in 0.002861 seconds 
========================================================================
Received Prepare
Registering precompiled user dll's ...
Registered in 0.002098 seconds.
Begin MonoManager ReloadAssembly
Native extension for OSXStandalone target not found
Refreshing native plugins compatible for Editor in 0.43 ms, found 2 plugins.
Preloading 0 native plugins for Editor in 0.00 ms.
Mono: successfully reloaded assembly
- Completed reload, in  1.713 seconds
Domain Reload Profiling:
	ReloadAssembly (1714ms)
		BeginReloadAssembly (179ms)
			ExecutionOrderSort (0ms)
			DisableScriptedObjects (6ms)
			BackupInstance (0ms)
			ReleaseScriptingObjects (0ms)
			CreateAndSetChildDomain (83ms)
		EndReloadAssembly (1432ms)
			LoadAssemblies (142ms)
			RebuildTransferFunctionScriptingTraits (0ms)
			SetupTypeCache (507ms)
			ReleaseScriptCaches (2ms)
			RebuildScriptCaches (74ms)
			SetupLoadedEditorAssemblies (532ms)
				LogAssemblyErrors (0ms)
				InitializePlatformSupportModulesInManaged (7ms)
				SetLoadedEditorAssemblies (1ms)
				RefreshPlugins (0ms)
				BeforeProcessingInitializeOnLoad (135ms)
				ProcessInitializeOnLoadAttributes (358ms)
				ProcessInitializeOnLoadMethodAttributes (29ms)
				AfterProcessingInitializeOnLoad (2ms)
				EditorAssembliesLoaded (0ms)
			ExecutionOrderSort2 (0ms)
			AwakeInstancesAfterBackupRestoration (3ms)
Platform modules already initialized, skipping
Refreshing native plugins compatible for Editor in 0.65 ms, found 2 plugins.
Preloading 0 native plugins for Editor in 0.00 ms.
Unloading 1517 Unused Serialized files (Serialized files now loaded: 0)
System memory in use before: 182.8 MB.
System memory in use after: 182.9 MB.

Unloading 13 unused Assets to reduce memory usage. Loaded Objects now: 2011.
Total: 5.075299 ms (FindLiveObjects: 0.216553 ms CreateObjectMapping: 0.080290 ms MarkObjects: 4.685184 ms  DeleteObjects: 0.092003 ms)

AssetImportParameters requested are different than current active one (requested -> active):
  custom:video-decoder-ogg-theora: a1e56fd34408186e4bbccfd4996cb3dc -> 
  custom:container-muxer-webm: aa71ff27fc2769a1b78a27578f13a17b -> 
  custom:container-demuxer-webm: 4f35f7cbe854078d1ac9338744f61a02 -> 
  custom:container-demuxer-ogg: 62fdf1f143b41e24485cea50d1cbac27 -> 
  custom:video-encoder-webm-vp8: eb34c28f22e8b96e1ab97ce403110664 -> 
  custom:framework-osx-AVFoundation: e770b220cccbd017edd2c1fefb359320 -> 
  custom:video-decoder-webm-vp8: 9c59270c3fd7afecdb556c50c9e8de78 -> 
  custom:audio-decoder-ogg-vorbis: bf7c407c2cedff20999df2af8eb42d56 -> 
  custom:audio-encoder-webm-vorbis: bf7c407c2cedff20999df2af8eb42d56 -> 
========================================================================
Received Import Request.
  Time since last request: 36.644558 seconds.
  path: Assets/Scenes/Sistema solar.unity
  artifactKey: Guid(4b43e8944963d49f9a0d7afaedb4542a) Importer(815301076,1909f56bfc062723c751e8b465ee728b)
Start importing Assets/Scenes/Sistema solar.unity using Guid(4b43e8944963d49f9a0d7afaedb4542a) Importer(815301076,1909f56bfc062723c751e8b465ee728b)  -> (artifact id: '873cd411b34acce955eaabe3cf1b5c2c') in 0.006049 seconds 
========================================================================
Received Import Request.
  Time since last request: 1.907436 seconds.
  path: Assets/Scenes/Traslacion.unity
  artifactKey: Guid(517a552e756c9446cba687851e3bc224) Importer(815301076,1909f56bfc062723c751e8b465ee728b)
Start importing Assets/Scenes/Traslacion.unity using Guid(517a552e756c9446cba687851e3bc224) Importer(815301076,1909f56bfc062723c751e8b465ee728b)  -> (artifact id: 'f3a3eba54100d24bc6ffeec45d83538b') in 0.007296 seconds 
========================================================================
Received Prepare
Registering precompiled user dll's ...
Registered in 0.002101 seconds.
Begin MonoManager ReloadAssembly
Native extension for OSXStandalone target not found
Refreshing native plugins compatible for Editor in 0.40 ms, found 2 plugins.
Preloading 0 native plugins for Editor in 0.00 ms.
Mono: successfully reloaded assembly
- Completed reload, in  1.571 seconds
Domain Reload Profiling:
	ReloadAssembly (1572ms)
		BeginReloadAssembly (181ms)
			ExecutionOrderSort (0ms)
			DisableScriptedObjects (7ms)
			BackupInstance (0ms)
			ReleaseScriptingObjects (0ms)
			CreateAndSetChildDomain (90ms)
		EndReloadAssembly (1290ms)
			LoadAssemblies (110ms)
			RebuildTransferFunctionScriptingTraits (0ms)
			SetupTypeCache (474ms)
			ReleaseScriptCaches (1ms)
			RebuildScriptCaches (68ms)
			SetupLoadedEditorAssemblies (478ms)
				LogAssemblyErrors (0ms)
				InitializePlatformSupportModulesInManaged (6ms)
				SetLoadedEditorAssemblies (1ms)
				RefreshPlugins (0ms)
				BeforeProcessingInitializeOnLoad (131ms)
				ProcessInitializeOnLoadAttributes (313ms)
				ProcessInitializeOnLoadMethodAttributes (24ms)
				AfterProcessingInitializeOnLoad (2ms)
				EditorAssembliesLoaded (0ms)
			ExecutionOrderSort2 (0ms)
			AwakeInstancesAfterBackupRestoration (4ms)
Platform modules already initialized, skipping
Refreshing native plugins compatible for Editor in 0.40 ms, found 2 plugins.
Preloading 0 native plugins for Editor in 0.00 ms.
Unloading 1517 Unused Serialized files (Serialized files now loaded: 0)
System memory in use before: 183.0 MB.
System memory in use after: 183.1 MB.

Unloading 12 unused Assets to reduce memory usage. Loaded Objects now: 2014.
Total: 3.456118 ms (FindLiveObjects: 0.141347 ms CreateObjectMapping: 0.052467 ms MarkObjects: 3.185210 ms  DeleteObjects: 0.075754 ms)

AssetImportParameters requested are different than current active one (requested -> active):
  custom:video-decoder-ogg-theora: a1e56fd34408186e4bbccfd4996cb3dc -> 
  custom:container-muxer-webm: aa71ff27fc2769a1b78a27578f13a17b -> 
  custom:container-demuxer-webm: 4f35f7cbe854078d1ac9338744f61a02 -> 
  custom:container-demuxer-ogg: 62fdf1f143b41e24485cea50d1cbac27 -> 
  custom:video-encoder-webm-vp8: eb34c28f22e8b96e1ab97ce403110664 -> 
  custom:framework-osx-AVFoundation: e770b220cccbd017edd2c1fefb359320 -> 
  custom:video-decoder-webm-vp8: 9c59270c3fd7afecdb556c50c9e8de78 -> 
  custom:audio-decoder-ogg-vorbis: bf7c407c2cedff20999df2af8eb42d56 -> 
  custom:audio-encoder-webm-vorbis: bf7c407c2cedff20999df2af8eb42d56 -> 
